 Version 0.1.0
 -------------
 1. [ok] subfolder in src "secdaily" mit allem code
 2. [ok] pyproject toml entsprechend setzen (packages definition)
 3. [ok] test folder nach tests umbenennen
 4. [ok] tests_ext nach sandbox umbenennen
 5. [ok] .vscode/settings.json für tests korrekt konfigurieren
     {
         "python.testing.pytestArgs": [
             "tests", "sandbox"
         ],
         "python.testing.unittestEnabled": false,
         "python.testing.pytestEnabled": true
     }
 7. [ok] definieren einer neuen conda umgebung
 8. [ok] definieren der notwendigen dependencies im pyproject.toml, bis ausführung läuft
 9. [ok] sicherstellen, dass alle normlan tests wieder laufen
10. [ok] Optimierung failed downloads
       [ok] manage process index -> default values
       [ok] copy to processing -> correct übernehmen
       [ok] selection for missing download -> nicht übernehmen, falls url empty
11. [ok] implement "to csv" logic für label daten
       -> achtung, ist text -> muss spezielle delimiter verwenden.
          oder dann mit quotes arbeiten
12. [ok] neuen step hinzufügen, der aus den raw csv files die finallen SEC-Formatted style macht
      [ok] rewrite parsint lab, so that key contains tag/version/laybeltype
      [ok] create map from lab infos to lookup plabel for pre 
      [ok] labels are stripped of single quotes, maybe also other content
14. [ok] einzelner PRE und NUM Test mit soll / ist vergleich 
   - [ok] plabel sollte gleich sein
     - [ok] download label files
     - [ok] prozess label files
15. [ok] es wird alles noch mit index geschrieben .. 
16. [ok] Mass Test für Q4/2024 
      [ok] DB setup / dataclass und write logik schreiben
      [ok] db daten für einzelnes adsh bereitstellen und in db speichern
      [ok] logik um gesammtes quartel zu vergleichen und zu loggen
      [ok] Auswerten einzelner reports ermöglichen
      [ok] pre vergleich -> ohne line und report
      [ok] auswerten des quartals -> MassTestTable neu anlegen
      [ok] Übersichts report erstellen und ablegen

17. [] verbesserte Ablageverzeichnisstruktur für alle Schritte
       _1_xml/<qrtr>/<filedate>/..
       _2_csv/<qrtr>/<filedate>/..
       _3_secstyle/<qrtr>/<filedate>/..
       _4_zip/<qrtr>
       
      [ok] Superklasse für processing steps mit basis Verzeichnissen und errorlogging
      [ok] Ablageverzeichnisstruktur anpassen

18. [] warning: 
      C:\ieu\projects\sec_processing\src\secdaily\_03_secstyle\formatting\SECPreNumFormatting.py:73: FutureWarning: Setting an item of incompatible dtype is deprecated and will raise an error in a 
      future version of pandas. Value '' has dtype incompatible with float64, please explicitly cast to a compatible dtype first.
      df.loc[df.segments.isnull(), 'segments'] = ""

    [] error:
            multiprocess.pool.RemoteTraceback: 
            """
            Traceback (most recent call last):
            File "C:\ieu\Anaconda3\envs\secprocessing_3.10\lib\site-packages\multiprocess\pool.py", line 125, in worker
            result = (True, func(*args, **kwds))
            File "C:\ieu\Anaconda3\envs\secprocessing_3.10\lib\site-packages\multiprocess\pool.py", line 48, in mapstar
            return list(map(*args))
            File "C:\ieu\Anaconda3\envs\secprocessing_3.10\lib\site-packages\pathos\helpers\mp_helper.py", line 15, in <lambda>
            func = lambda args: f(*args)
            File "C:\ieu\projects\sec_processing\src\secdaily\_00_common\ParallelExecution.py", line 93, in process_throttled
            result: PT = self.process_element_function(data)
            File "C:\ieu\projects\sec_processing\src\secdaily\_03_secstyle\SECStyleFormatting.py", line 37, in _format_report
            num_df = read_df_from_zip(data.numFile)
            File "C:\ieu\projects\sec_processing\src\secdaily\_00_common\SecFileUtils.py", line 19, in read_df_from_zip
            if _check_if_zipped(filename):
            File "C:\ieu\projects\sec_processing\src\secdaily\_00_common\SecFileUtils.py", line 10, in _check_if_zipped
            return os.path.isfile(path + ".zip")
            TypeError: unsupported operand type(s) for +: 'NoneType' and 'str'
            """

            The above exception was the direct cause of the following exception:

            Traceback (most recent call last):
            File "c:\ieu\projects\sec_processing\src\secdaily\SecData.py", line 150, in <module>
            orchestrator.process()
            File "c:\ieu\projects\sec_processing\src\secdaily\SecData.py", line 135, in process
            self.create_sec_style()
            File "c:\ieu\projects\sec_processing\src\secdaily\SecData.py", line 125, in create_sec_style
            formatter.process()
            File "C:\ieu\projects\sec_processing\src\secdaily\_03_secstyle\SECStyleFormatting.py", line 82, in process
            executor.execute()
            File "C:\ieu\projects\sec_processing\src\secdaily\_00_common\ParallelExecution.py", line 135, in execute
            processed = self._execute_parallel(chunk)
            File "C:\ieu\projects\sec_processing\src\secdaily\_00_common\ParallelExecution.py", line 102, in _execute_parallel
            return self.pool.map(self.process_throttled, chunk)
            File "C:\ieu\Anaconda3\envs\secprocessing_3.10\lib\site-packages\pathos\multiprocessing.py", line 154, in map
            return _pool.map(star(f), zip(*args), **kwds)
            File "C:\ieu\Anaconda3\envs\secprocessing_3.10\lib\site-packages\multiprocess\pool.py", line 367, in map
            return self._map_async(func, iterable, mapstar, chunksize).get()
            File "C:\ieu\Anaconda3\envs\secprocessing_3.10\lib\site-packages\multiprocess\pool.py", line 774, in get
            raise self._value
            TypeError: unsupported operand type(s) for +: 'NoneType' and 'str'      

18.  [] create final quarter zip file containing all daily
      [] concat existing zip files into single one for pre and num - overwrite an existing one
      [] create final zip file with pre, num and sub

19. [] activate project / create official 0.1 release
      [] activate build pipeline with linting and tests
      [] activate deployment to pypi
      [] adapt readme / add limitations

20. [] end to end tests
      [] apple 10k
      [] 0001477932-24-008123 (mit Einträgen on plabel)

 Version 0.2.0
 -------------
xx. [] es wäre gut, dass beim erstellen des mass-quarter-tests auch gleich eine Datei mit den unequal Einträgen erstellt wird,
       damit die Analyse danach einfacher ist

xx. [] Verbessern der Ergebnisse, falls möglich und nötig

xx. [] single file processing
      [] strip html file
      [] analyse html file and available xml-file -> where is the data coming from to create pre?


 Version 0.3.0
 -------------
xx. [] segments hinzüfügen


